<?xml version="1.0" encoding="UTF-8"?>
<!-- Generated by org.testng.reporters.JUnitReportReporter -->
<testsuite skipped="0" hostname="Mahbubs-MacBook-Pro.local" name="runners.TestRunner" tests="2" failures="0" timestamp="31 Oct 2021 18:44:37 GMT" time="13.106" errors="0">
  <testcase name="runScenario" time="5.047" classname="runners.TestRunner"/>
  <testcase name="runScenario" time="8.059" classname="runners.TestRunner"/>
</testsuite> <!-- runners.TestRunner -->
